14:10:32.003 [main] INFO  testCasess.TC_001_Registration_Test - Clicking register....
14:10:34.428 [main] INFO  testCasess.TC_001_Registration_Test - selecting gender.......
14:10:34.428 [main] INFO  testCasess.TC_001_Registration_Test - entered first name
14:10:34.428 [main] INFO  testCasess.TC_001_Registration_Test - entered lastname
14:10:34.428 [main] INFO  testCasess.TC_001_Registration_Test - selecting day in dob
14:10:34.428 [main] INFO  testCasess.TC_001_Registration_Test - selecting month in dob
14:10:34.428 [main] INFO  testCasess.TC_001_Registration_Test - selecting year in dob
14:10:34.428 [main] INFO  testCasess.TC_001_Registration_Test - entered email.
14:10:34.428 [main] INFO  testCasess.TC_001_Registration_Test - entered email
14:10:34.436 [main] INFO  testCasess.TC_001_Registration_Test - entered password
14:10:34.436 [main] INFO  testCasess.TC_001_Registration_Test - entered cnf pwd
14:10:41.375 [main] INFO  testCasess.TC_001_Registration_Test - TC_001_Registration Test Passed
14:38:50.426 [main] INFO  testCasess.TC_001_RegistrationPage_DDT - Opening url 
14:39:56.820 [main] INFO  testCasess.TC_001_RegistrationPage_DDT - Opening url 
14:42:41.103 [main] INFO  testCasess.TC_001_RegistrationPage_DDT - Opening url 
14:45:19.670 [main] INFO  testCasess.TC_001_RegistrationPage_DDT - Opening url 
14:48:53.411 [main] INFO  testCasess.TC_001_RegistrationPage_DDT - Opening url 
14:50:20.529 [main] INFO  testCasess.TC_001_RegistrationPage_DDT - Opening url 
14:53:31.390 [main] INFO  testCasess.TC_001_RegistrationPage_DDT - Opening url 
14:56:41.318 [main] INFO  testCasess.TC_001_RegistrationPage_DDT - Opening url 
14:56:48.618 [main] INFO  testCasess.TC_001_RegistrationPage_DDT - Starting logs...........
14:56:48.618 [main] INFO  testCasess.TC_001_RegistrationPage_DDT - 
14:56:48.618 [main] INFO  testCasess.TC_001_RegistrationPage_DDT - 
14:56:48.618 [main] INFO  testCasess.TC_001_RegistrationPage_DDT - 
14:56:48.770 [main] INFO  testCasess.TC_001_RegistrationPage_DDT - Clicking register....
14:56:50.516 [main] INFO  testCasess.TC_001_RegistrationPage_DDT - selecting gender.......
14:56:50.787 [main] INFO  testCasess.TC_001_RegistrationPage_DDT - entered first name
14:56:51.179 [main] INFO  testCasess.TC_001_RegistrationPage_DDT - entered lastname
14:56:51.478 [main] INFO  testCasess.TC_001_RegistrationPage_DDT - entered email
14:56:51.804 [main] INFO  testCasess.TC_001_RegistrationPage_DDT - selecting day in dob
14:56:53.197 [main] INFO  testCasess.TC_001_RegistrationPage_DDT - selecting month in dob
14:56:53.815 [main] INFO  testCasess.TC_001_RegistrationPage_DDT - selecting year in dob
14:56:54.568 [main] INFO  testCasess.TC_001_RegistrationPage_DDT - entered password
14:56:55.115 [main] INFO  testCasess.TC_001_RegistrationPage_DDT - entered cnf pwd
14:57:06.449 [main] INFO  testCasess.TC_001_RegistrationPage_DDT - Starting logs...........
14:57:06.449 [main] INFO  testCasess.TC_001_RegistrationPage_DDT - 
14:57:06.449 [main] INFO  testCasess.TC_001_RegistrationPage_DDT - 
14:57:06.449 [main] INFO  testCasess.TC_001_RegistrationPage_DDT - 
14:57:06.449 [main] INFO  testCasess.TC_001_RegistrationPage_DDT - Clicking register....
14:57:07.467 [main] INFO  testCasess.TC_001_RegistrationPage_DDT - selecting gender.......
14:57:07.696 [main] INFO  testCasess.TC_001_RegistrationPage_DDT - entered first name
14:57:08.003 [main] INFO  testCasess.TC_001_RegistrationPage_DDT - entered lastname
14:57:08.312 [main] INFO  testCasess.TC_001_RegistrationPage_DDT - entered email
14:57:08.626 [main] INFO  testCasess.TC_001_RegistrationPage_DDT - selecting day in dob
14:57:09.593 [main] INFO  testCasess.TC_001_RegistrationPage_DDT - selecting month in dob
14:57:10.147 [main] INFO  testCasess.TC_001_RegistrationPage_DDT - selecting year in dob
14:57:10.882 [main] INFO  testCasess.TC_001_RegistrationPage_DDT - entered password
14:57:11.415 [main] INFO  testCasess.TC_001_RegistrationPage_DDT - entered cnf pwd
14:57:21.857 [main] INFO  testCasess.TC_001_RegistrationPage_DDT - Starting logs...........
14:57:21.857 [main] INFO  testCasess.TC_001_RegistrationPage_DDT - 
14:57:21.857 [main] INFO  testCasess.TC_001_RegistrationPage_DDT - 
14:57:21.857 [main] INFO  testCasess.TC_001_RegistrationPage_DDT - 
14:57:21.857 [main] INFO  testCasess.TC_001_RegistrationPage_DDT - Clicking register....
14:57:23.549 [main] INFO  testCasess.TC_001_RegistrationPage_DDT - selecting gender.......
14:57:23.824 [main] INFO  testCasess.TC_001_RegistrationPage_DDT - entered first name
14:57:24.141 [main] INFO  testCasess.TC_001_RegistrationPage_DDT - entered lastname
14:57:24.434 [main] INFO  testCasess.TC_001_RegistrationPage_DDT - entered email
14:57:24.775 [main] INFO  testCasess.TC_001_RegistrationPage_DDT - selecting day in dob
14:57:26.067 [main] INFO  testCasess.TC_001_RegistrationPage_DDT - selecting month in dob
14:57:26.637 [main] INFO  testCasess.TC_001_RegistrationPage_DDT - selecting year in dob
14:57:27.360 [main] INFO  testCasess.TC_001_RegistrationPage_DDT - entered password
14:57:27.873 [main] INFO  testCasess.TC_001_RegistrationPage_DDT - entered cnf pwd
14:57:29.162 [main] INFO  testCasess.TC_001_RegistrationPage_DDT - TC_001_Registration Test Passed
14:57:29.178 [main] INFO  testCasess.TC_001_RegistrationPage_DDT - Starting logs...........
14:57:29.178 [main] INFO  testCasess.TC_001_RegistrationPage_DDT - 
14:57:29.178 [main] INFO  testCasess.TC_001_RegistrationPage_DDT - 
14:57:29.178 [main] INFO  testCasess.TC_001_RegistrationPage_DDT - 
14:57:29.178 [main] INFO  testCasess.TC_001_RegistrationPage_DDT - Clicking register....
14:57:30.710 [main] INFO  testCasess.TC_001_RegistrationPage_DDT - selecting gender.......
14:57:30.922 [main] INFO  testCasess.TC_001_RegistrationPage_DDT - entered first name
14:57:31.219 [main] INFO  testCasess.TC_001_RegistrationPage_DDT - entered lastname
14:57:31.487 [main] INFO  testCasess.TC_001_RegistrationPage_DDT - entered email
14:57:31.788 [main] INFO  testCasess.TC_001_RegistrationPage_DDT - selecting day in dob
14:57:32.958 [main] INFO  testCasess.TC_001_RegistrationPage_DDT - selecting month in dob
14:57:33.524 [main] INFO  testCasess.TC_001_RegistrationPage_DDT - selecting year in dob
14:57:34.254 [main] INFO  testCasess.TC_001_RegistrationPage_DDT - entered password
14:57:34.783 [main] INFO  testCasess.TC_001_RegistrationPage_DDT - entered cnf pwd
14:57:45.417 [main] INFO  testCasess.TC_001_RegistrationPage_DDT - Starting logs...........
14:57:45.417 [main] INFO  testCasess.TC_001_RegistrationPage_DDT - 
14:57:45.417 [main] INFO  testCasess.TC_001_RegistrationPage_DDT - 
14:57:45.417 [main] INFO  testCasess.TC_001_RegistrationPage_DDT - 
14:57:45.417 [main] INFO  testCasess.TC_001_RegistrationPage_DDT - Clicking register....
14:57:46.485 [main] INFO  testCasess.TC_001_RegistrationPage_DDT - selecting gender.......
14:57:46.775 [main] INFO  testCasess.TC_001_RegistrationPage_DDT - entered first name
14:57:46.985 [main] INFO  testCasess.TC_001_RegistrationPage_DDT - entered lastname
14:57:47.283 [main] INFO  testCasess.TC_001_RegistrationPage_DDT - entered email
14:57:47.615 [main] INFO  testCasess.TC_001_RegistrationPage_DDT - selecting day in dob
14:57:48.874 [main] INFO  testCasess.TC_001_RegistrationPage_DDT - selecting month in dob
14:57:49.434 [main] INFO  testCasess.TC_001_RegistrationPage_DDT - selecting year in dob
14:57:50.141 [main] INFO  testCasess.TC_001_RegistrationPage_DDT - entered password
14:57:50.688 [main] INFO  testCasess.TC_001_RegistrationPage_DDT - entered cnf pwd
14:57:55.672 [main] INFO  testCasess.TC_001_RegistrationPage_DDT - TC_001_Registration Test Passed
16:31:19.907 [main] INFO  testCasess.TC_002_LoginTest - Opening url 
16:31:23.968 [main] INFO  testCasess.TC_002_LoginTest - Starting login test....
16:31:24.066 [main] INFO  testCasess.TC_002_LoginTest - Entered email.......
16:32:59.525 [main] INFO  testCasess.TC_002_LoginTest - Opening url 
16:33:02.666 [main] INFO  testCasess.TC_002_LoginTest - Starting login test....
16:33:02.741 [main] INFO  testCasess.TC_002_LoginTest - Clicked login
16:33:04.955 [main] INFO  testCasess.TC_002_LoginTest - Entered email.......
16:33:05.345 [main] INFO  testCasess.TC_002_LoginTest - Entered Password......
16:33:05.669 [main] INFO  testCasess.TC_002_LoginTest - Clicked login button
16:34:05.716 [main] INFO  testCasess.TC_001_Registration_Test - Opening url 
16:34:08.485 [main] INFO  testCasess.TC_001_Registration_Test - Starting logs...........
16:34:08.486 [main] INFO  testCasess.TC_001_Registration_Test - 
16:34:08.486 [main] INFO  testCasess.TC_001_Registration_Test - 
16:34:08.486 [main] INFO  testCasess.TC_001_Registration_Test - 
16:34:08.573 [main] INFO  testCasess.TC_001_Registration_Test - Clicking register....
16:34:10.509 [main] INFO  testCasess.TC_001_Registration_Test - selecting gender.......
16:34:10.510 [main] INFO  testCasess.TC_001_Registration_Test - entered first name
16:34:10.510 [main] INFO  testCasess.TC_001_Registration_Test - entered lastname
16:34:10.510 [main] INFO  testCasess.TC_001_Registration_Test - selecting day in dob
16:34:10.510 [main] INFO  testCasess.TC_001_Registration_Test - selecting month in dob
16:34:10.510 [main] INFO  testCasess.TC_001_Registration_Test - selecting year in dob
16:34:10.510 [main] INFO  testCasess.TC_001_Registration_Test - entered email.
16:34:10.510 [main] INFO  testCasess.TC_001_Registration_Test - entered email
16:34:10.510 [main] INFO  testCasess.TC_001_Registration_Test - entered password
16:34:10.510 [main] INFO  testCasess.TC_001_Registration_Test - entered cnf pwd
16:34:17.403 [main] INFO  testCasess.TC_001_Registration_Test - TC_001_Registration Test Passed
16:34:20.097 [main] INFO  testCasess.TC_002_LoginTest - Opening url 
16:34:23.124 [main] INFO  testCasess.TC_002_LoginTest - Starting login test....
16:34:23.125 [main] INFO  testCasess.TC_002_LoginTest - Clicked login
16:34:25.675 [main] INFO  testCasess.TC_002_LoginTest - Entered email.......
16:34:26.092 [main] INFO  testCasess.TC_002_LoginTest - Entered Password......
16:34:26.263 [main] INFO  testCasess.TC_002_LoginTest - Clicked login button
16:34:28.781 [main] INFO  testCasess.TC_002_LoginTest - Login Test success....
16:40:29.158 [main] INFO  testCasess.TC_001_Registration_Test - Opening url 
16:40:34.367 [main] INFO  testCasess.TC_001_Registration_Test - Starting logs...........
16:40:34.368 [main] INFO  testCasess.TC_001_Registration_Test - 
16:40:34.368 [main] INFO  testCasess.TC_001_Registration_Test - 
16:40:34.368 [main] INFO  testCasess.TC_001_Registration_Test - 
16:40:37.654 [main] INFO  testCasess.TC_002_LoginTest - Opening url 
16:40:42.906 [main] INFO  testCasess.TC_002_LoginTest - Starting login test....
16:40:42.911 [main] INFO  testCasess.TC_002_LoginTest - Clicked login
16:40:45.433 [main] INFO  testCasess.TC_002_LoginTest - Entered email.......
16:40:45.639 [main] INFO  testCasess.TC_002_LoginTest - Entered Password......
16:40:45.884 [main] INFO  testCasess.TC_002_LoginTest - Clicked login button
16:42:49.838 [main] INFO  testCasess.TC_001_Registration_Test - Opening url 
16:42:54.574 [main] INFO  testCasess.TC_001_Registration_Test - Starting logs...........
16:42:54.575 [main] INFO  testCasess.TC_001_Registration_Test - 
16:42:54.576 [main] INFO  testCasess.TC_001_Registration_Test - 
16:42:54.576 [main] INFO  testCasess.TC_001_Registration_Test - 
16:42:58.128 [main] INFO  testCasess.TC_002_LoginTest - Opening url 
16:43:04.894 [main] INFO  testCasess.TC_002_LoginTest - Starting login test....
16:43:04.896 [main] INFO  testCasess.TC_002_LoginTest - Clicked login
16:43:07.585 [main] INFO  testCasess.TC_002_LoginTest - Entered email.......
16:43:07.970 [main] INFO  testCasess.TC_002_LoginTest - Entered Password......
16:43:08.288 [main] INFO  testCasess.TC_002_LoginTest - Clicked login button
16:44:40.878 [main] INFO  testCasess.TC_001_Registration_Test - Opening url 
16:44:45.343 [main] INFO  testCasess.TC_001_Registration_Test - Starting logs...........
16:44:45.346 [main] INFO  testCasess.TC_001_Registration_Test - 
16:44:45.347 [main] INFO  testCasess.TC_001_Registration_Test - 
16:44:45.348 [main] INFO  testCasess.TC_001_Registration_Test - 
16:45:19.306 [main] INFO  testCasess.TC_002_LoginTest - Opening url 
16:45:25.551 [main] INFO  testCasess.TC_002_LoginTest - Starting login test....
16:45:25.557 [main] INFO  testCasess.TC_002_LoginTest - Clicked login
16:45:27.757 [main] INFO  testCasess.TC_002_LoginTest - Entered email.......
16:45:28.135 [main] INFO  testCasess.TC_002_LoginTest - Entered Password......
16:45:28.510 [main] INFO  testCasess.TC_002_LoginTest - Clicked login button
16:48:01.269 [main] INFO  testCasess.TC_001_Registration_Test - Opening url 
16:48:05.817 [main] INFO  testCasess.TC_001_Registration_Test - Starting logs...........
16:48:05.818 [main] INFO  testCasess.TC_001_Registration_Test - 
16:48:05.818 [main] INFO  testCasess.TC_001_Registration_Test - 
16:48:05.819 [main] INFO  testCasess.TC_001_Registration_Test - 
16:48:38.519 [main] INFO  testCasess.TC_002_LoginTest - Opening url 
16:48:42.375 [main] INFO  testCasess.TC_002_LoginTest - Starting login test....
16:48:42.377 [main] INFO  testCasess.TC_002_LoginTest - Clicked login
16:48:43.671 [main] INFO  testCasess.TC_002_LoginTest - Entered email.......
16:48:44.053 [main] INFO  testCasess.TC_002_LoginTest - Entered Password......
16:48:44.397 [main] INFO  testCasess.TC_002_LoginTest - Clicked login button
16:49:43.703 [main] INFO  testCasess.TC_001_Registration_Test - Opening url 
16:49:47.867 [main] INFO  testCasess.TC_001_Registration_Test - Starting logs...........
16:49:47.869 [main] INFO  testCasess.TC_001_Registration_Test - 
16:49:47.869 [main] INFO  testCasess.TC_001_Registration_Test - 
16:49:47.869 [main] INFO  testCasess.TC_001_Registration_Test - 
16:50:55.031 [main] INFO  testCasess.TC_001_Registration_Test - Opening url 
16:51:00.234 [main] INFO  testCasess.TC_001_Registration_Test - Starting logs...........
16:51:00.235 [main] INFO  testCasess.TC_001_Registration_Test - 
16:51:00.237 [main] INFO  testCasess.TC_001_Registration_Test - 
16:51:00.237 [main] INFO  testCasess.TC_001_Registration_Test - 
16:51:05.566 [main] INFO  testCasess.TC_001_Registration_Test - Clicking register....
16:51:08.497 [main] INFO  testCasess.TC_001_Registration_Test - selecting gender.......
16:51:08.497 [main] INFO  testCasess.TC_001_Registration_Test - entered first name
16:51:08.498 [main] INFO  testCasess.TC_001_Registration_Test - entered lastname
16:51:08.498 [main] INFO  testCasess.TC_001_Registration_Test - selecting day in dob
16:51:08.498 [main] INFO  testCasess.TC_001_Registration_Test - selecting month in dob
16:51:08.499 [main] INFO  testCasess.TC_001_Registration_Test - selecting year in dob
16:51:08.499 [main] INFO  testCasess.TC_001_Registration_Test - entered email.
16:51:08.499 [main] INFO  testCasess.TC_001_Registration_Test - entered email
16:51:08.499 [main] INFO  testCasess.TC_001_Registration_Test - entered password
16:51:08.500 [main] INFO  testCasess.TC_001_Registration_Test - entered cnf pwd
16:51:16.954 [main] INFO  testCasess.TC_001_Registration_Test - TC_001_Registration Test Passed
16:51:57.414 [main] INFO  testCasess.TC_001_Registration_Test - Opening url 
16:52:02.839 [main] INFO  testCasess.TC_001_Registration_Test - Starting logs...........
16:52:02.840 [main] INFO  testCasess.TC_001_Registration_Test - 
16:52:02.840 [main] INFO  testCasess.TC_001_Registration_Test - 
16:52:02.840 [main] INFO  testCasess.TC_001_Registration_Test - 
16:52:08.065 [main] INFO  testCasess.TC_001_Registration_Test - Clicking register....
16:52:09.525 [main] INFO  testCasess.TC_001_Registration_Test - selecting gender.......
16:52:09.525 [main] INFO  testCasess.TC_001_Registration_Test - entered first name
16:52:09.525 [main] INFO  testCasess.TC_001_Registration_Test - entered lastname
16:52:09.526 [main] INFO  testCasess.TC_001_Registration_Test - selecting day in dob
16:52:09.526 [main] INFO  testCasess.TC_001_Registration_Test - selecting month in dob
16:52:09.526 [main] INFO  testCasess.TC_001_Registration_Test - selecting year in dob
16:52:09.526 [main] INFO  testCasess.TC_001_Registration_Test - entered email.
16:52:09.527 [main] INFO  testCasess.TC_001_Registration_Test - entered email
16:52:09.528 [main] INFO  testCasess.TC_001_Registration_Test - entered password
16:52:09.528 [main] INFO  testCasess.TC_001_Registration_Test - entered cnf pwd
16:52:27.989 [main] INFO  testCasess.TC_002_LoginTest - Opening url 
16:52:35.001 [main] INFO  testCasess.TC_002_LoginTest - Starting login test....
16:52:35.003 [main] INFO  testCasess.TC_002_LoginTest - Clicked login
16:52:36.203 [main] INFO  testCasess.TC_002_LoginTest - Entered email.......
16:52:36.592 [main] INFO  testCasess.TC_002_LoginTest - Entered Password......
16:52:36.930 [main] INFO  testCasess.TC_002_LoginTest - Clicked login button
16:52:39.242 [main] INFO  testCasess.TC_002_LoginTest - Login Test success....
